{"$message_type":"diagnostic","message":"linking with `link.exe` failed: exit code: 1318","code":null,"level":"error","spans":[],"children":[{"message":"\"C:\\\\Program Files (x86)\\\\Microsoft Visual Studio\\\\2019\\\\BuildTools\\\\VC\\\\Tools\\\\MSVC\\\\14.29.30133\\\\bin\\\\HostX64\\\\x64\\\\link.exe\" \"/DEF:C:\\\\Users\\\\Hammo\\\\AppData\\\\Local\\\\Temp\\\\rustcscn2fd\\\\lib.def\" \"/NOLOGO\" \"C:\\\\Users\\\\Hammo\\\\AppData\\\\Local\\\\Temp\\\\rustcscn2fd\\\\symbols.o\" \"<16 object files omitted>\" \"C:\\\\Users\\\\Hammo\\\\AppData\\\\Local\\\\Temp\\\\rustcscn2fd\\\\rmeta.o\" \"<1 object files omitted>\" \"C:\\\\Users\\\\Hammo\\\\Documents\\\\Coding\\\\LuminaPlayer\\\\src-tauri\\\\target\\\\debug\\\\deps/{libsyn-0f3b105d2d1888d1,libquote-d70ca13dd496f4c9,libproc_macro2-5dff7517bd74b85b,libunicode_ident-59cf9ad09079dcbb}.rlib\" \"<sysroot>\\\\lib\\\\rustlib\\\\x86_64-pc-windows-msvc\\\\lib/{libproc_macro-*,librustc_literal_escaper-*,librustc_std_workspace_std-*,libstd-*,libpanic_unwind-*,libcfg_if-*,libwindows_targets-*,librustc_demangle-*,libstd_detect-*,libhashbrown-*,librustc_std_workspace_alloc-*,libunwind-*,librustc_std_workspace_core-*,liballoc-*,libcore-*,libcompiler_builtins-*}.rlib\" \"kernel32.lib\" \"kernel32.lib\" \"kernel32.lib\" \"ntdll.lib\" \"userenv.lib\" \"ws2_32.lib\" \"dbghelp.lib\" \"/defaultlib:msvcrt\" \"/NXCOMPAT\" \"/OUT:C:\\\\Users\\\\Hammo\\\\Documents\\\\Coding\\\\LuminaPlayer\\\\src-tauri\\\\target\\\\debug\\\\deps\\\\thiserror_impl-efb7e059cc31e85f.dll\" \"/OPT:REF,NOICF\" \"/DLL\" \"/IMPLIB:C:\\\\Users\\\\Hammo\\\\Documents\\\\Coding\\\\LuminaPlayer\\\\src-tauri\\\\target\\\\debug\\\\deps\\\\thiserror_impl-efb7e059cc31e85f.dll.lib\" \"/DEBUG\" \"/PDBALTPATH:%_PDB%\" \"/NATVIS:<sysroot>\\\\lib\\\\rustlib\\\\etc\\\\intrinsic.natvis\" \"/NATVIS:<sysroot>\\\\lib\\\\rustlib\\\\etc\\\\liballoc.natvis\" \"/NATVIS:<sysroot>\\\\lib\\\\rustlib\\\\etc\\\\libcore.natvis\" \"/NATVIS:<sysroot>\\\\lib\\\\rustlib\\\\etc\\\\libstd.natvis\"","code":null,"level":"note","spans":[],"children":[],"rendered":null},{"message":"some arguments are omitted. use `--verbose` to show all linker arguments","code":null,"level":"note","spans":[],"children":[],"rendered":null},{"message":"   Creating library C:\\Users\\Hammo\\Documents\\Coding\\LuminaPlayer\\src-tauri\\target\\debug\\deps\\thiserror_impl-efb7e059cc31e85f.dll.lib and object C:\\Users\\Hammo\\Documents\\Coding\\LuminaPlayer\\src-tauri\\target\\debug\\deps\\thiserror_impl-efb7e059cc31e85f.dll.exp\r\nLINK : fatal error LNK1318: Unexpected PDB error; OK (0) 'C:\\Users\\Hammo\\Documents\\Coding\\LuminaPlayer\\src-tauri\\target\\debug\\deps\\thiserror_impl-efb7e059cc31e85f.pdb'\r\n","code":null,"level":"note","spans":[],"children":[],"rendered":null}],"rendered":"\u001b[1m\u001b[91merror\u001b[0m\u001b[1m\u001b[97m: linking with `link.exe` failed: exit code: 1318\u001b[0m\n  \u001b[1m\u001b[96m|\u001b[0m\n  \u001b[1m\u001b[96m= \u001b[0m\u001b[1m\u001b[97mnote\u001b[0m: \"C:\\\\Program Files (x86)\\\\Microsoft Visual Studio\\\\2019\\\\BuildTools\\\\VC\\\\Tools\\\\MSVC\\\\14.29.30133\\\\bin\\\\HostX64\\\\x64\\\\link.exe\" \"/DEF:C:\\\\Users\\\\Hammo\\\\AppData\\\\Local\\\\Temp\\\\rustcscn2fd\\\\lib.def\" \"/NOLOGO\" \"C:\\\\Users\\\\Hammo\\\\AppData\\\\Local\\\\Temp\\\\rustcscn2fd\\\\symbols.o\" \"<16 object files omitted>\" \"C:\\\\Users\\\\Hammo\\\\AppData\\\\Local\\\\Temp\\\\rustcscn2fd\\\\rmeta.o\" \"<1 object files omitted>\" \"C:\\\\Users\\\\Hammo\\\\Documents\\\\Coding\\\\LuminaPlayer\\\\src-tauri\\\\target\\\\debug\\\\deps/{libsyn-0f3b105d2d1888d1,libquote-d70ca13dd496f4c9,libproc_macro2-5dff7517bd74b85b,libunicode_ident-59cf9ad09079dcbb}.rlib\" \"<sysroot>\\\\lib\\\\rustlib\\\\x86_64-pc-windows-msvc\\\\lib/{libproc_macro-*,librustc_literal_escaper-*,librustc_std_workspace_std-*,libstd-*,libpanic_unwind-*,libcfg_if-*,libwindows_targets-*,librustc_demangle-*,libstd_detect-*,libhashbrown-*,librustc_std_workspace_alloc-*,libunwind-*,librustc_std_workspace_core-*,liballoc-*,libcore-*,libcompiler_builtins-*}.rlib\" \"kernel32.lib\" \"kernel32.lib\" \"kernel32.lib\" \"ntdll.lib\" \"userenv.lib\" \"ws2_32.lib\" \"dbghelp.lib\" \"/defaultlib:msvcrt\" \"/NXCOMPAT\" \"/OUT:C:\\\\Users\\\\Hammo\\\\Documents\\\\Coding\\\\LuminaPlayer\\\\src-tauri\\\\target\\\\debug\\\\deps\\\\thiserror_impl-efb7e059cc31e85f.dll\" \"/OPT:REF,NOICF\" \"/DLL\" \"/IMPLIB:C:\\\\Users\\\\Hammo\\\\Documents\\\\Coding\\\\LuminaPlayer\\\\src-tauri\\\\target\\\\debug\\\\deps\\\\thiserror_impl-efb7e059cc31e85f.dll.lib\" \"/DEBUG\" \"/PDBALTPATH:%_PDB%\" \"/NATVIS:<sysroot>\\\\lib\\\\rustlib\\\\etc\\\\intrinsic.natvis\" \"/NATVIS:<sysroot>\\\\lib\\\\rustlib\\\\etc\\\\liballoc.natvis\" \"/NATVIS:<sysroot>\\\\lib\\\\rustlib\\\\etc\\\\libcore.natvis\" \"/NATVIS:<sysroot>\\\\lib\\\\rustlib\\\\etc\\\\libstd.natvis\"\n  \u001b[1m\u001b[96m= \u001b[0m\u001b[1m\u001b[97mnote\u001b[0m: some arguments are omitted. use `--verbose` to show all linker arguments\n  \u001b[1m\u001b[96m= \u001b[0m\u001b[1m\u001b[97mnote\u001b[0m:    Creating library C:\\Users\\Hammo\\Documents\\Coding\\LuminaPlayer\\src-tauri\\target\\debug\\deps\\thiserror_impl-efb7e059cc31e85f.dll.lib and object C:\\Users\\Hammo\\Documents\\Coding\\LuminaPlayer\\src-tauri\\target\\debug\\deps\\thiserror_impl-efb7e059cc31e85f.dll.exp␍\n          LINK : fatal error LNK1318: Unexpected PDB error; OK (0) 'C:\\Users\\Hammo\\Documents\\Coding\\LuminaPlayer\\src-tauri\\target\\debug\\deps\\thiserror_impl-efb7e059cc31e85f.pdb'␍\n          \n\n"}
{"$message_type":"diagnostic","message":"aborting due to 1 previous error","code":null,"level":"error","spans":[],"children":[],"rendered":"\u001b[1m\u001b[91merror\u001b[0m\u001b[1m\u001b[97m: aborting due to 1 previous error\u001b[0m\n\n"}
